0 info it worked if it ends with ok
1 verbose cli [ '/usr/local/bin/node', '/usr/local/bin/npm', 'start' ]
2 info using npm@3.7.5
3 info using node@v5.7.0
4 verbose run-script [ 'prestart', 'start', 'poststart' ]
5 info lifecycle iws-term-project@~prestart: iws-term-project@
6 silly lifecycle iws-term-project@~prestart: no script for prestart, continuing
7 info lifecycle iws-term-project@~start: iws-term-project@
8 verbose lifecycle iws-term-project@~start: unsafe-perm in lifecycle true
9 verbose lifecycle iws-term-project@~start: PATH: /usr/local/lib/node_modules/npm/bin/node-gyp-bin:/Users/NagarjunaYendluri/Downloads/visualCaptcha-node-master/node_modules/.bin:/usr/local/bin:/usr/local/bin:/usr/bin:/bin:/usr/sbin:/sbin
10 verbose lifecycle iws-term-project@~start: CWD: /Users/NagarjunaYendluri/Downloads/visualCaptcha-node-master
11 silly lifecycle iws-term-project@~start: Args: [ '-c', 'node server.js' ]
12 silly lifecycle iws-term-project@~start: Returned: code: 1  signal: null
13 info lifecycle iws-term-project@~start: Failed to exec start script
14 verbose stack Error: iws-term-project@ start: `node server.js`
14 verbose stack Exit status 1
14 verbose stack     at EventEmitter.<anonymous> (/usr/local/lib/node_modules/npm/lib/utils/lifecycle.js:239:16)
14 verbose stack     at emitTwo (events.js:100:13)
14 verbose stack     at EventEmitter.emit (events.js:185:7)
14 verbose stack     at ChildProcess.<anonymous> (/usr/local/lib/node_modules/npm/lib/utils/spawn.js:24:14)
14 verbose stack     at emitTwo (events.js:100:13)
14 verbose stack     at ChildProcess.emit (events.js:185:7)
14 verbose stack     at maybeClose (internal/child_process.js:827:16)
14 verbose stack     at Process.ChildProcess._handle.onexit (internal/child_process.js:211:5)
15 verbose pkgid iws-term-project@
16 verbose cwd /Users/NagarjunaYendluri/Downloads/visualCaptcha-node-master
17 error Darwin 15.3.0
18 error argv "/usr/local/bin/node" "/usr/local/bin/npm" "start"
19 error node v5.7.0
20 error npm  v3.7.5
21 error code ELIFECYCLE
22 error iws-term-project@ start: `node server.js`
22 error Exit status 1
23 error Failed at the iws-term-project@ start script 'node server.js'.
23 error Make sure you have the latest version of node.js and npm installed.
23 error If you do, this is most likely a problem with the iws-term-project package,
23 error not with npm itself.
23 error Tell the author that this fails on your system:
23 error     node server.js
23 error You can get information on how to open an issue for this project with:
23 error     npm bugs iws-term-project
23 error Or if that isn't available, you can get their info via:
23 error     npm owner ls iws-term-project
23 error There is likely additional logging output above.
24 verbose exit [ 1, true ]
